Streaming transaction logs mentioning F6NKeaoPbchYnbcJZ5YSAqfMcHuP7GLExTuDK3qmgtgW. Confirmed commitment
Transaction executed in slot 5:
  Signature: 63ut6ZKhefLC1mYLtbVpeL5b6F46mXSMGKWi7BK9JRxL1YApsudNZ3wMdw7HMUT7pe6M7TYSKhM12C7JzboU5G4q
  Status: Ok
  Log Messages:
    Program F6NKeaoPbchYnbcJZ5YSAqfMcHuP7GLExTuDK3qmgtgW invoke [1]
    Program log: Instruction: Initialize
    Program 11111111111111111111111111111111 invoke [2]
    Program 11111111111111111111111111111111 success
    Program F6NKeaoPbchYnbcJZ5YSAqfMcHuP7GLExTuDK3qmgtgW consumed 11207 of 200000 compute units
    Program F6NKeaoPbchYnbcJZ5YSAqfMcHuP7GLExTuDK3qmgtgW success
Transaction executed in slot 6:
  Signature: 3MoPKqfYGDLgJ4A5j6N5Xzhrbe4GJyRhhRytYnZPkqP9V9SZacycUtjadESDZ89YwRyKVjunXmNWG4Wkk7cpGSQk
  Status: Ok
  Log Messages:
    Program F6NKeaoPbchYnbcJZ5YSAqfMcHuP7GLExTuDK3qmgtgW invoke [1]
    Program log: Instruction: Initialize
    Program 11111111111111111111111111111111 invoke [2]
    Program 11111111111111111111111111111111 success
    Program F6NKeaoPbchYnbcJZ5YSAqfMcHuP7GLExTuDK3qmgtgW consumed 9661 of 200000 compute units
    Program F6NKeaoPbchYnbcJZ5YSAqfMcHuP7GLExTuDK3qmgtgW success
Transaction executed in slot 8:
  Signature: 3PU283Za3u1q7zUbeeFNfTsvBo6mb6xkDWEuetVjZ1jzS1RpTq5NRdweHzvDpYdWbiW2iEhuAPAqpckgv9yvNB7m
  Status: Ok
  Log Messages:
    Program F6NKeaoPbchYnbcJZ5YSAqfMcHuP7GLExTuDK3qmgtgW invoke [1]
    Program log: Instruction: LikeTweet
    Program 11111111111111111111111111111111 invoke [2]
    Program 11111111111111111111111111111111 success
    Program F6NKeaoPbchYnbcJZ5YSAqfMcHuP7GLExTuDK3qmgtgW consumed 11605 of 200000 compute units
    Program F6NKeaoPbchYnbcJZ5YSAqfMcHuP7GLExTuDK3qmgtgW success
Transaction executed in slot 9:
  Signature: 3hNoCLRwdZ1RZQHgLvLjRgrJdX9bKbTwZ6K3SBJi3tQGKXfDTxxPnzn4KZUxQvB25QgXgE5uHLv23yZ6TJnadPyv
  Status: Ok
  Log Messages:
    Program F6NKeaoPbchYnbcJZ5YSAqfMcHuP7GLExTuDK3qmgtgW invoke [1]
    Program log: Instruction: DislikeTweet
    Program 11111111111111111111111111111111 invoke [2]
    Program 11111111111111111111111111111111 success
    Program F6NKeaoPbchYnbcJZ5YSAqfMcHuP7GLExTuDK3qmgtgW consumed 13104 of 200000 compute units
    Program F6NKeaoPbchYnbcJZ5YSAqfMcHuP7GLExTuDK3qmgtgW success
Transaction executed in slot 10:
  Signature: 4naUDTtEbfc3Y227buq6rQMhxUJGzfx6ZmBoNUZirVyu12jVxh3yUoq2KQC22PYR67uYYvXpLCCWVbacyPeZdpAc
  Status: Ok
  Log Messages:
    Program F6NKeaoPbchYnbcJZ5YSAqfMcHuP7GLExTuDK3qmgtgW invoke [1]
    Program log: Instruction: ReactionRemove
    Program F6NKeaoPbchYnbcJZ5YSAqfMcHuP7GLExTuDK3qmgtgW consumed 7535 of 200000 compute units
    Program F6NKeaoPbchYnbcJZ5YSAqfMcHuP7GLExTuDK3qmgtgW success
Transaction executed in slot 11:
  Signature: 5XsGuth1SFC3kUxQQiXjN9o37fMLedPsr4CuVKtmYsEmRdFQHQtXXeX7TfvBj81gtCUvCk8G2dXuWCaz9kykeKFU
  Status: Ok
  Log Messages:
    Program F6NKeaoPbchYnbcJZ5YSAqfMcHuP7GLExTuDK3qmgtgW invoke [1]
    Program log: Instruction: LikeTweet
    Program 11111111111111111111111111111111 invoke [2]
    Program 11111111111111111111111111111111 success
    Program F6NKeaoPbchYnbcJZ5YSAqfMcHuP7GLExTuDK3qmgtgW consumed 13105 of 200000 compute units
    Program F6NKeaoPbchYnbcJZ5YSAqfMcHuP7GLExTuDK3qmgtgW success
Transaction executed in slot 12:
  Signature: 5TZ1PqBm4YtGrjeQGPMKjq3borYYXDYdpywJjJAMKcYYnzeMbFciuK7m57hoxcqHYs8hHPZ3LqE4uyjvZE3HEWG6
  Status: Ok
  Log Messages:
    Program F6NKeaoPbchYnbcJZ5YSAqfMcHuP7GLExTuDK3qmgtgW invoke [1]
    Program log: Instruction: CommentTweet
    Program 11111111111111111111111111111111 invoke [2]
    Program 11111111111111111111111111111111 success
    Program F6NKeaoPbchYnbcJZ5YSAqfMcHuP7GLExTuDK3qmgtgW consumed 12730 of 200000 compute units
    Program F6NKeaoPbchYnbcJZ5YSAqfMcHuP7GLExTuDK3qmgtgW success
Transaction executed in slot 13:
  Signature: Jja8K7v8CKxdQrRDojCWDy4hziJ1iGWEu8RZyJxmkoGmADC5dGfpgUfvqMYXbnsULj3SorR32S1ac1LfpEsuEA6
  Status: Ok
  Log Messages:
    Program F6NKeaoPbchYnbcJZ5YSAqfMcHuP7GLExTuDK3qmgtgW invoke [1]
    Program log: Instruction: CommentRemove
    Program F6NKeaoPbchYnbcJZ5YSAqfMcHuP7GLExTuDK3qmgtgW consumed 3894 of 200000 compute units
    Program F6NKeaoPbchYnbcJZ5YSAqfMcHuP7GLExTuDK3qmgtgW success
